[ctor] U8G2_SDL_128X64 2-arg
[ctor] U8G2_SDL_128X64 2-arg setup done
[main] enter argc=1
[main] SDL_SetMainReady done
[serial] begin rate=115200
[sdl] init request 128x64
[sdl] SDL_Init ok
[sdl] SDL_CreateWindow ok
[sdl] SDL_GetWindowSurface ok
[sdl] init done
[main] setup done
[ctor] U8G2_SDL_128X64 2-arg
[ctor] U8G2_SDL_128X64 2-arg setup done
[main] enter argc=1
[main] SDL_SetMainReady done
[serial] begin rate=115200
[sdl] init request 128x64
[sdl] SDL_Init ok
[sdl] SDL_CreateWindow ok
[sdl] SDL_GetWindowSurface ok
[sdl] init done
[main] setup done
[ctor] U8G2_SDL_128X64 2-arg
[ctor] U8G2_SDL_128X64 2-arg setup done
[main] enter argc=1
[main] SDL_SetMainReady done
[serial] begin rate=115200
[sdl] init request 128x64
[sdl] SDL_Init ok
[sdl] SDL_CreateWindow ok
[sdl] SDL_GetWindowSurface ok
[sdl] init done
[main] setup done
[ctor] U8G2_SDL_128X64 2-arg
[ctor] U8G2_SDL_128X64 2-arg setup done
[main] enter argc=1
[main] SDL_SetMainReady done
[serial] begin rate=115200
[sdl] init request 128x64
[sdl] SDL_Init ok
[sdl] SDL_CreateWindow ok
[sdl] SDL_GetWindowSurface ok
[sdl] init done
[main] setup done
[ctor] U8G2_SDL_128X64 2-arg
[ctor] U8G2_SDL_128X64 2-arg setup done
[main] enter argc=1
[main] SDL_SetMainReady done
[serial] begin rate=115200
[sdl] init request 128x64
[sdl] SDL_Init ok
[sdl] SDL_CreateWindow ok
[sdl] SDL_GetWindowSurface ok
[sdl] init done
[main] setup done
[ctor] U8G2_SDL_128X64 2-arg
[ctor] U8G2_SDL_128X64 2-arg setup done
[main] enter argc=1
[main] SDL_SetMainReady done
[serial] begin rate=115200
[sdl] init request 128x64
[sdl] SDL_Init ok
[sdl] SDL_CreateWindow ok
[sdl] SDL_GetWindowSurface ok
[sdl] init done
[main] setup done
[ctor] U8G2_SDL_128X64 2-arg
[ctor] U8G2_SDL_128X64 2-arg setup done
[main] enter argc=1
[main] SDL_SetMainReady done
[serial] begin rate=115200
[sdl] init request 128x64
[sdl] SDL_Init ok
[sdl] SDL_CreateWindow ok
[sdl] SDL_GetWindowSurface ok
[sdl] init done
[main] setup done
[ctor] U8G2_SDL_128X64 2-arg
[ctor] U8G2_SDL_128X64 2-arg setup done
[main] enter argc=1
[main] SDL_SetMainReady done
[serial] begin rate=115200
[sdl] init request 128x64
[sdl] SDL_Init ok
[sdl] SDL_CreateWindow ok
[sdl] SDL_GetWindowSurface ok
[sdl] init done
[main] setup done
[ctor] U8G2_SDL_128X64 2-arg
[ctor] U8G2_SDL_128X64 2-arg setup done
[main] enter argc=1
[main] SDL_SetMainReady done
[serial] begin rate=115200
[sdl] init request 128x64
[sdl] SDL_Init ok
[sdl] SDL_CreateWindow ok
[sdl] SDL_GetWindowSurface ok
[sdl] init done
[main] setup done
[ctor] U8G2_SDL_128X64 2-arg
[ctor] U8G2_SDL_128X64 2-arg setup done
[main] enter argc=1
[main] SDL_SetMainReady done
[serial] begin rate=115200
[sdl] init request 128x64
[sdl] SDL_Init ok
[sdl] SDL_CreateWindow ok
[sdl] SDL_GetWindowSurface ok
[sdl] init done
[main] setup done
[ctor] U8G2_SDL_128X64 2-arg
[ctor] U8G2_SDL_128X64 2-arg setup done
[main] enter argc=1
[main] SDL_SetMainReady done
[serial] begin rate=115200
[sdl] init request 128x64
[sdl] SDL_Init ok
[sdl] SDL_CreateWindow ok
[sdl] SDL_GetWindowSurface ok
[sdl] init done
[main] setup done
[ctor] U8G2_SDL_128X64 2-arg
[ctor] U8G2_SDL_128X64 2-arg setup done
[main] enter argc=1
[main] SDL_SetMainReady done
[serial] begin rate=115200
[sdl] init request 128x64
[sdl] SDL_Init ok
[sdl] SDL_CreateWindow ok
[sdl] SDL_GetWindowSurface ok
[sdl] init done
[main] setup done
[ctor] U8G2_SDL_128X64 2-arg
[ctor] U8G2_SDL_128X64 2-arg setup done
[main] enter argc=1
[main] SDL_SetMainReady done
[serial] begin rate=115200
[sdl] init request 128x64
[sdl] SDL_Init ok
[sdl] SDL_CreateWindow ok
[sdl] SDL_GetWindowSurface ok
[sdl] init done
[main] setup done
[ctor] U8G2_SDL_128X64 2-arg
[ctor] U8G2_SDL_128X64 2-arg setup done
[main] enter argc=1
[main] SDL_SetMainReady done
[serial] begin rate=115200
[sdl] init request 128x64
[sdl] SDL_Init ok
[sdl] SDL_CreateWindow ok
[sdl] SDL_GetWindowSurface ok
[sdl] init done
[main] setup done
[ctor] U8G2_SDL_128X64 2-arg
[ctor] U8G2_SDL_128X64 2-arg setup done
[main] enter argc=1
[main] SDL_SetMainReady done
[serial] begin rate=115200
[sdl] init request 128x64
[sdl] SDL_Init ok
[sdl] SDL_CreateWindow ok
[sdl] SDL_GetWindowSurface ok
[sdl] init done
[main] setup done
[ctor] U8G2_SDL_128X64 2-arg
[ctor] U8G2_SDL_128X64 2-arg setup done
[main] enter argc=1
[main] SDL_SetMainReady done
[serial] begin rate=115200
[sdl] init request 128x64
[sdl] SDL_Init ok
[sdl] SDL_CreateWindow ok
[sdl] SDL_GetWindowSurface ok
[sdl] init done
[main] setup done
[ctor] U8G2_SDL_128X64 2-arg
[ctor] U8G2_SDL_128X64 2-arg setup done
[main] enter argc=1
[main] SDL_SetMainReady done
[serial] begin rate=115200
[sdl] init request 128x64
[sdl] SDL_Init ok
[sdl] SDL_CreateWindow ok
[sdl] SDL_GetWindowSurface ok
[sdl] init done
[main] setup done
[ctor] U8G2_SDL_128X64 2-arg
[ctor] U8G2_SDL_128X64 2-arg setup done
[main] enter argc=1
[main] SDL_SetMainReady done
[serial] begin rate=115200
[sdl] init request 128x64
[sdl] SDL_Init ok
[sdl] SDL_CreateWindow ok
[sdl] SDL_GetWindowSurface ok
[sdl] init done
[main] setup done
[ctor] U8G2_SDL_128X64 2-arg
[ctor] U8G2_SDL_128X64 2-arg setup done
[main] enter argc=1
[main] SDL_SetMainReady done
[serial] begin rate=115200
[sdl] init request 128x64
[sdl] SDL_Init ok
[sdl] SDL_CreateWindow ok
[sdl] SDL_GetWindowSurface ok
[sdl] init done
[main] setup done
[ctor] U8G2_SDL_128X64 2-arg
[ctor] U8G2_SDL_128X64 2-arg setup done
[main] enter argc=1
[main] SDL_SetMainReady done
[serial] begin rate=115200
[sdl] init request 128x64
[sdl] SDL_Init ok
[sdl] SDL_CreateWindow ok
[sdl] SDL_GetWindowSurface ok
[sdl] init done
[main] setup done
[ctor] U8G2_SDL_128X64 2-arg
[ctor] U8G2_SDL_128X64 2-arg setup done
[main] enter argc=1
[main] SDL_SetMainReady done
[serial] begin rate=115200
[sdl] init request 128x64
[sdl] SDL_Init ok
[sdl] SDL_CreateWindow ok
[sdl] SDL_GetWindowSurface ok
[sdl] init done
[main] setup done
[ctor] U8G2_SDL_128X64 2-arg
[ctor] U8G2_SDL_128X64 2-arg setup done
[main] enter argc=1
[main] SDL_SetMainReady done
[serial] begin rate=115200
[sdl] init request 128x64
[sdl] SDL_Init ok
[sdl] SDL_CreateWindow ok
[sdl] SDL_GetWindowSurface ok
[sdl] init done
[main] setup done
[ctor] U8G2_SDL_128X64 2-arg
[ctor] U8G2_SDL_128X64 2-arg setup done
[main] enter argc=1
[main] SDL_SetMainReady done
[serial] begin rate=115200
[sdl] init request 128x64
[sdl] SDL_Init ok
[sdl] SDL_CreateWindow ok
[sdl] SDL_GetWindowSurface ok
[sdl] init done
[main] setup done
[ctor] U8G2_SDL_128X64 2-arg
[ctor] U8G2_SDL_128X64 2-arg setup done
[main] enter argc=1
[main] SDL_SetMainReady done
[serial] begin rate=115200
[sdl] init request 128x64
[sdl] SDL_Init ok
[sdl] SDL_CreateWindow ok
[sdl] SDL_GetWindowSurface ok
[sdl] init done
[main] setup done
[ctor] U8G2_SDL_128X64 2-arg
[ctor] U8G2_SDL_128X64 2-arg setup done
[main] enter argc=1
[main] SDL_SetMainReady done
[serial] begin rate=115200
[sdl] init request 128x64
[sdl] SDL_Init ok
[sdl] SDL_CreateWindow ok
[sdl] SDL_GetWindowSurface ok
[sdl] init done
[main] setup done
[ctor] U8G2_SDL_128X64 2-arg
[ctor] U8G2_SDL_128X64 2-arg setup done
[main] enter argc=1
[main] SDL_SetMainReady done
[serial] begin rate=115200
[sdl] init request 128x64
[sdl] SDL_Init ok
[sdl] SDL_CreateWindow ok
[sdl] SDL_GetWindowSurface ok
[sdl] init done
[main] setup done
[ctor] U8G2_SDL_128X64 2-arg
[ctor] U8G2_SDL_128X64 2-arg setup done
[main] enter argc=1
[main] SDL_SetMainReady done
[serial] begin rate=115200
[sdl] init request 128x64
[sdl] SDL_Init ok
[sdl] SDL_CreateWindow ok
[sdl] SDL_GetWindowSurface ok
[sdl] init done
[main] setup done
[ctor] U8G2_SDL_128X64 2-arg
[ctor] U8G2_SDL_128X64 2-arg setup done
[main] enter argc=1
[main] SDL_SetMainReady done
[serial] begin rate=115200
[sdl] init request 128x64
[sdl] SDL_Init ok
[sdl] SDL_CreateWindow ok
[sdl] SDL_GetWindowSurface ok
[sdl] init done
[main] setup done
[ctor] U8G2_SDL_128X64 2-arg
[ctor] U8G2_SDL_128X64 2-arg setup done
[main] enter argc=1
[main] SDL_SetMainReady done
[serial] begin rate=115200
[sdl] init request 128x64
[sdl] SDL_Init ok
[sdl] SDL_CreateWindow ok
[sdl] SDL_GetWindowSurface ok
[sdl] init done
[main] setup done
